{"$message_type":"diagnostic","message":"linking with `cc` failed: exit status: 1","code":null,"level":"error","spans":[],"children":[{"message":" \"cc\" \"-m64\" \"/var/folders/8x/cw4147v57_n0mzmw_5wqshgh0000gn/T/rustcp27wSo/symbols.o\" \"<17 object files omitted>\" \"-Wl,--as-needed\" \"-Wl,-Bstatic\" \"/Users/rujirapongair/myapp/SoftnixAgent/target/x86_64-unknown-linux-gnu/release/deps/{libsoftnix_agent-6f6caa23cd53b377,libhostname-f6a1667b40d555a2,libtoml-cf2c05d9a2c58c40,libtoml_edit-1029484ea70527a9,libserde_spanned-12b6a0fe273e106f,libindexmap-83fa6e95688814d9,libequivalent-4a1260d204f897cb,libhashbrown-d781fd963b314dde,libwinnow-9950f05167457a99,libtoml_write-e2ca5e591d003b1e,libtoml_datetime-ce68858feb52b888,libregex-4b411a59ac4644e9,libchrono-3e22f5f6893d9a99,libiana_time_zone-2f044a8d8d99e810,libnum_traits-a4dfd88f4ce1fdec,libserde-0d74c441c68cbdfc,libserde_core-c714b41832d067be,libtracing_subscriber-1d8505a93ad34b00,libsharded_slab-ca6e60f5cf1340f3,liblazy_static-e2fc654a564e2f20,libmatchers-7fd87933f7059a08,libregex_automata-271a2737314d237d,libaho_corasick-8807564c5a7ae184,libmemchr-cc339772f9b41145,libregex_syntax-7daffb74d550518d,libnu_ansi_term-98aa98f101da5e6b,libthread_local-65d0b1589277916b,libtracing_log-9af5e71637675882,liblog-2e0f0f58c0ac683d,libtracing-f0c6aabef6797443,libtracing_core-fbafd0fba5b88e4d,libonce_cell-e2f52d70cc975857,libtokio-09b27a6aeaafce3a,libsignal_hook_registry-0f70e96a0decf77d,libsocket2-c07052744bd51928,libbytes-ee7725a019215030,libmio-ec959d0129847b2f,libparking_lot-1ddfb18bf57280c5,libparking_lot_core-e0b978cef25c357c,liblibc-ff4a1096a10877c2,libcfg_if-fc47fc5b8220aed5,libsmallvec-1ed8babc81709313,liblock_api-a19dc2d181b72e7b,libscopeguard-7c394a6a3e6a2534,libpin_project_lite-b1f2b9c61727155a,libclap-cdbbf8f5f4059c06,libclap_builder-6df22873062829ca,libstrsim-4ed0d961c293cecb,libanstream-6710bc08511fab3a,libanstyle_query-b3c1155047f577f3,libis_terminal_polyfill-558ab83008da1873,libcolorchoice-5d9deab793b1a8fa,libanstyle_parse-173d4d98ee002f57,libutf8parse-cf7dbd176df12327,libclap_lex-7e542b0c34a32910,libanstyle-5d72f981c5819142,libanyhow-5c2a81357011a077}.rlib\" \"<sysroot>/lib/rustlib/x86_64-unknown-linux-gnu/lib/{libstd-*,libpanic_unwind-*,libobject-*,libmemchr-*,libaddr2line-*,libgimli-*,libcfg_if-*,librustc_demangle-*,libstd_detect-*,libhashbrown-*,librustc_std_workspace_alloc-*,libminiz_oxide-*,libadler2-*,libunwind-*,liblibc-*,librustc_std_workspace_core-*,liballoc-*,libcore-*,libcompiler_builtins-*}.rlib\" \"-Wl,-Bdynamic\" \"-lgcc_s\" \"-lutil\" \"-lrt\" \"-lpthread\" \"-lm\" \"-ldl\" \"-lc\" \"-L\" \"/var/folders/8x/cw4147v57_n0mzmw_5wqshgh0000gn/T/rustcp27wSo/raw-dylibs\" \"-B<sysroot>/lib/rustlib/aarch64-apple-darwin/bin/gcc-ld\" \"-fuse-ld=lld\" \"-Wl,--eh-frame-hdr\" \"-Wl,-z,noexecstack\" \"-L\" \"<sysroot>/lib/rustlib/x86_64-unknown-linux-gnu/lib\" \"-o\" \"/Users/rujirapongair/myapp/SoftnixAgent/target/x86_64-unknown-linux-gnu/release/deps/softnix_agent-107925e37b136cf6\" \"-Wl,--gc-sections\" \"-pie\" \"-Wl,-z,relro,-z,now\" \"-Wl,-O1\" \"-Wl,--strip-debug\" \"-nodefaultlibs\"","code":null,"level":"note","spans":[],"children":[],"rendered":null},{"message":"some arguments are omitted. use `--verbose` to show all linker arguments","code":null,"level":"note","spans":[],"children":[],"rendered":null},{"message":"clang: warning: argument unused during compilation: '-pie' [-Wunused-command-line-argument]\nrust-lld: error: unknown argument '--as-needed'\nrust-lld: error: unknown argument '-Bstatic', did you mean '-static'\nrust-lld: error: unknown argument '-Bdynamic', did you mean '-dynamic'\nrust-lld: error: unknown argument '--eh-frame-hdr'\nrust-lld: error: unknown argument '-z'\nrust-lld: error: unknown argument '--gc-sections'\nrust-lld: error: unknown argument '-z'\nrust-lld: error: unknown argument '-z'\nrust-lld: error: unknown argument '--strip-debug'\nclang: error: linker command failed with exit code 1 (use -v to see invocation)\n","code":null,"level":"note","spans":[],"children":[],"rendered":null}],"rendered":"\u001b[0m\u001b[1m\u001b[38;5;9merror\u001b[0m\u001b[0m\u001b[1m: linking with `cc` failed: exit status: 1\u001b[0m\n\u001b[0m  \u001b[0m\u001b[0m\u001b[1m\u001b[38;5;12m|\u001b[0m\n\u001b[0m  \u001b[0m\u001b[0m\u001b[1m\u001b[38;5;12m= \u001b[0m\u001b[0m\u001b[1mnote\u001b[0m\u001b[0m:  \"cc\" \"-m64\" \"/var/folders/8x/cw4147v57_n0mzmw_5wqshgh0000gn/T/rustcp27wSo/symbols.o\" \"<17 object files omitted>\" \"-Wl,--as-needed\" \"-Wl,-Bstatic\" \"/Users/rujirapongair/myapp/SoftnixAgent/target/x86_64-unknown-linux-gnu/release/deps/{libsoftnix_agent-6f6caa23cd53b377,libhostname-f6a1667b40d555a2,libtoml-cf2c05d9a2c58c40,libtoml_edit-1029484ea70527a9,libserde_spanned-12b6a0fe273e106f,libindexmap-83fa6e95688814d9,libequivalent-4a1260d204f897cb,libhashbrown-d781fd963b314dde,libwinnow-9950f05167457a99,libtoml_write-e2ca5e591d003b1e,libtoml_datetime-ce68858feb52b888,libregex-4b411a59ac4644e9,libchrono-3e22f5f6893d9a99,libiana_time_zone-2f044a8d8d99e810,libnum_traits-a4dfd88f4ce1fdec,libserde-0d74c441c68cbdfc,libserde_core-c714b41832d067be,libtracing_subscriber-1d8505a93ad34b00,libsharded_slab-ca6e60f5cf1340f3,liblazy_static-e2fc654a564e2f20,libmatchers-7fd87933f7059a08,libregex_automata-271a2737314d237d,libaho_corasick-8807564c5a7ae184,libmemchr-cc339772f9b41145,libregex_syntax-7daffb74d550518d,libnu_ansi_term-98aa98f101da5e6b,libthread_local-65d0b1589277916b,libtracing_log-9af5e71637675882,liblog-2e0f0f58c0ac683d,libtracing-f0c6aabef6797443,libtracing_core-fbafd0fba5b88e4d,libonce_cell-e2f52d70cc975857,libtokio-09b27a6aeaafce3a,libsignal_hook_registry-0f70e96a0decf77d,libsocket2-c07052744bd51928,libbytes-ee7725a019215030,libmio-ec959d0129847b2f,libparking_lot-1ddfb18bf57280c5,libparking_lot_core-e0b978cef25c357c,liblibc-ff4a1096a10877c2,libcfg_if-fc47fc5b8220aed5,libsmallvec-1ed8babc81709313,liblock_api-a19dc2d181b72e7b,libscopeguard-7c394a6a3e6a2534,libpin_project_lite-b1f2b9c61727155a,libclap-cdbbf8f5f4059c06,libclap_builder-6df22873062829ca,libstrsim-4ed0d961c293cecb,libanstream-6710bc08511fab3a,libanstyle_query-b3c1155047f577f3,libis_terminal_polyfill-558ab83008da1873,libcolorchoice-5d9deab793b1a8fa,libanstyle_parse-173d4d98ee002f57,libutf8parse-cf7dbd176df12327,libclap_lex-7e542b0c34a32910,libanstyle-5d72f981c5819142,libanyhow-5c2a81357011a077}.rlib\" \"<sysroot>/lib/rustlib/x86_64-unknown-linux-gnu/lib/{libstd-*,libpanic_unwind-*,libobject-*,libmemchr-*,libaddr2line-*,libgimli-*,libcfg_if-*,librustc_demangle-*,libstd_detect-*,libhashbrown-*,librustc_std_workspace_alloc-*,libminiz_oxide-*,libadler2-*,libunwind-*,liblibc-*,librustc_std_workspace_core-*,liballoc-*,libcore-*,libcompiler_builtins-*}.rlib\" \"-Wl,-Bdynamic\" \"-lgcc_s\" \"-lutil\" \"-lrt\" \"-lpthread\" \"-lm\" \"-ldl\" \"-lc\" \"-L\" \"/var/folders/8x/cw4147v57_n0mzmw_5wqshgh0000gn/T/rustcp27wSo/raw-dylibs\" \"-B<sysroot>/lib/rustlib/aarch64-apple-darwin/bin/gcc-ld\" \"-fuse-ld=lld\" \"-Wl,--eh-frame-hdr\" \"-Wl,-z,noexecstack\" \"-L\" \"<sysroot>/lib/rustlib/x86_64-unknown-linux-gnu/lib\" \"-o\" \"/Users/rujirapongair/myapp/SoftnixAgent/target/x86_64-unknown-linux-gnu/release/deps/softnix_agent-107925e37b136cf6\" \"-Wl,--gc-sections\" \"-pie\" \"-Wl,-z,relro,-z,now\" \"-Wl,-O1\" \"-Wl,--strip-debug\" \"-nodefaultlibs\"\u001b[0m\n\u001b[0m  \u001b[0m\u001b[0m\u001b[1m\u001b[38;5;12m= \u001b[0m\u001b[0m\u001b[1mnote\u001b[0m\u001b[0m: some arguments are omitted. use `--verbose` to show all linker arguments\u001b[0m\n\u001b[0m  \u001b[0m\u001b[0m\u001b[1m\u001b[38;5;12m= \u001b[0m\u001b[0m\u001b[1mnote\u001b[0m\u001b[0m: clang: warning: argument unused during compilation: '-pie' [-Wunused-command-line-argument]\u001b[0m\n\u001b[0m          rust-lld: error: unknown argument '--as-needed'\u001b[0m\n\u001b[0m          rust-lld: error: unknown argument '-Bstatic', did you mean '-static'\u001b[0m\n\u001b[0m          rust-lld: error: unknown argument '-Bdynamic', did you mean '-dynamic'\u001b[0m\n\u001b[0m          rust-lld: error: unknown argument '--eh-frame-hdr'\u001b[0m\n\u001b[0m          rust-lld: error: unknown argument '-z'\u001b[0m\n\u001b[0m          rust-lld: error: unknown argument '--gc-sections'\u001b[0m\n\u001b[0m          rust-lld: error: unknown argument '-z'\u001b[0m\n\u001b[0m          rust-lld: error: unknown argument '-z'\u001b[0m\n\u001b[0m          rust-lld: error: unknown argument '--strip-debug'\u001b[0m\n\u001b[0m          clang: error: linker command failed with exit code 1 (use -v to see invocation)\u001b[0m\n\u001b[0m          \u001b[0m\n\n"}
{"$message_type":"diagnostic","message":"aborting due to 1 previous error","code":null,"level":"error","spans":[],"children":[],"rendered":"\u001b[0m\u001b[1m\u001b[38;5;9merror\u001b[0m\u001b[0m\u001b[1m: aborting due to 1 previous error\u001b[0m\n\n"}
